***************************************************************
Error Occured at : 12:09:07 PM
***************************************************************
Process Name = 
Error Derscription = Cross-thread operation not valid: Control 'StatusBar1' accessed from a thread other than the thread it was created on.
Error Message = Cross-thread operation not valid: Control 'StatusBar1' accessed from a thread other than the thread it was created on.
Error Source = [Mod:D:\AA203 7.0\AA203 7.0\AAS203\Service Utility\frmMDIMainService.vb]
[Function Name:BackGroundIncrementProgressBar]
Error Number = 
Line Number = 
User Comment = 
-----------------------------------------------------

-----------------------------------------------------
Procedure Stack
-----------------------------------------------------

D:\AA203 7.0\AA203 7.0\AAS203\Service Utility\frmMDIMainService.vb
  <Procedure - (0)  :BackGroundIncrementProgressBar>
-----------------------------------------------------

-----------------------------------------------------
Additional Information 
-----------------------------------------------------
Current Directory = 
Project Name = AAS
Company Name = AAS
Version Major = 5.1.0.0
Version Minor = 
Revision = 
-----------------------------------------------------
***************************************************************
Error Occured at : 12:09:10 PM
***************************************************************
Process Name = 
Error Derscription = Cross-thread operation not valid: Control 'StatusBar1' accessed from a thread other than the thread it was created on.
Error Message = Cross-thread operation not valid: Control 'StatusBar1' accessed from a thread other than the thread it was created on.
Error Source = [Mod:D:\AA203 7.0\AA203 7.0\AAS203\Service Utility\frmServiceRoutines.vb]
[Function Name:BackGroundIncrementProgressBar]
Error Number = 
Line Number = 
User Comment = 
-----------------------------------------------------

-----------------------------------------------------
Procedure Stack
-----------------------------------------------------

D:\AA203 7.0\AA203 7.0\AAS203\Service Utility\frmServiceRoutines.vb
  <Procedure - (0)  :BackGroundIncrementProgressBar>
-----------------------------------------------------

-----------------------------------------------------
Additional Information 
-----------------------------------------------------
Current Directory = 
Project Name = AAS
Company Name = AAS
Version Major = 5.1.0.0
Version Minor = 
Revision = 
-----------------------------------------------------
