***************************************************************
Error Occured at : 11:26:32
***************************************************************
Process Name = 
Error Derscription = The type initializer for 'CrystalDecisions.CrystalReports.Engine.ReportDocument' threw an exception.
Error Message = The type initializer for 'CrystalDecisions.CrystalReports.Engine.ReportDocument' threw an exception.
Error Source = [Mod:C:\Users\getit\Documents\Projects\AA203 7.0\AAS203\Reporting\clsPrintDocument.vb]
[Function Name:ExportData]
Error Number = 
Line Number = 
User Comment = 
-----------------------------------------------------

-----------------------------------------------------
Procedure Stack
-----------------------------------------------------

C:\Users\getit\Documents\Projects\AA203 7.0\AAS203\Reporting\clsPrintDocument.vb
  <Procedure - (0)  :ExportData>
    <Procedure - (1)  :SendExportData>
C:\Users\getit\Documents\Projects\AA203 7.0\AAS203\Classes\clsDataFileReport.vb
  <Procedure - (2)  :funcDatafileExportForMethod>
C:\Users\getit\Documents\Projects\AA203 7.0\AAS203\Forms\frmDataFiles.vb
  <Procedure - (3)  :tlbbtnExportReport_Click>
C:\Users\getit\Documents\Projects\AA203 7.0\AAS203\Modules\modMain.vb
  <Procedure - (4)  :main>
-----------------------------------------------------

-----------------------------------------------------
Additional Information 
-----------------------------------------------------
Current Directory = 
Project Name = AAS
Company Name = AAS
Version Major = 5.1.0.0
Version Minor = 
Revision = 
-----------------------------------------------------
***************************************************************
Error Occured at : 11:26:41
***************************************************************
Process Name = 
Error Derscription = The type initializer for 'CrystalDecisions.CrystalReports.Engine.ReportDocument' threw an exception.
Error Message = The type initializer for 'CrystalDecisions.CrystalReports.Engine.ReportDocument' threw an exception.
Error Source = [Mod:C:\Users\getit\Documents\Projects\AA203 7.0\AAS203\Reporting\clsPrintDocument.vb]
[Function Name:ExportData]
Error Number = 
Line Number = 
User Comment = 
-----------------------------------------------------

-----------------------------------------------------
Procedure Stack
-----------------------------------------------------

C:\Users\getit\Documents\Projects\AA203 7.0\AAS203\Reporting\clsPrintDocument.vb
  <Procedure - (0)  :ExportData>
    <Procedure - (1)  :SendExportData>
C:\Users\getit\Documents\Projects\AA203 7.0\AAS203\Classes\clsDataFileReport.vb
  <Procedure - (2)  :funcDatafileExportForMethod>
C:\Users\getit\Documents\Projects\AA203 7.0\AAS203\Forms\frmDataFiles.vb
  <Procedure - (3)  :tlbbtnExportReport_Click>
C:\Users\getit\Documents\Projects\AA203 7.0\AAS203\Modules\modMain.vb
  <Procedure - (4)  :main>
-----------------------------------------------------

-----------------------------------------------------
Additional Information 
-----------------------------------------------------
Current Directory = 
Project Name = AAS
Company Name = AAS
Version Major = 5.1.0.0
Version Minor = 
Revision = 
-----------------------------------------------------
