***************************************************************
Error Occured at : 16:10:30
***************************************************************
Process Name = 
Error Derscription = Data type mismatch in criteria expression.
Error Message = Data type mismatch in criteria expression.
Error Source = [Mod:C:\Users\getit\Documents\Projects\AA203 7.0 Tushar\AA203 7.0\AAS203\21CFR\frmFirstTimeInstallation.vb]
[Function Name:funcInsertNewUser]
Error Number = 
Line Number = 
User Comment = 
-----------------------------------------------------

-----------------------------------------------------
Procedure Stack
-----------------------------------------------------

C:\Users\getit\Documents\Projects\AA203 7.0 Tushar\AA203 7.0\AAS203\21CFR\frmFirstTimeInstallation.vb
  <Procedure - (0)  :funcInsertNewUser>
    <Procedure - (1)  :funcSaveNewUser>
      <Procedure - (2)  :Button1_Click>
C:\Users\getit\Documents\Projects\AA203 7.0 Tushar\AA203 7.0\AAS203\Modules\modMain.vb
  <Procedure - (3)  :main>
-----------------------------------------------------

-----------------------------------------------------
Additional Information 
-----------------------------------------------------
Current Directory = 
Project Name = AAS
Company Name = AAS
Version Major = 5.1.0.0
Version Minor = 
Revision = 
-----------------------------------------------------
***************************************************************
Error Occured at : 16:10:30
***************************************************************
Process Name = 
Error Derscription = ExecuteReader requires the command to have a transaction when the connection assigned to the command is in a pending local transaction.  The Transaction property of the command has not been initialized.
Error Message = ExecuteReader requires the command to have a transaction when the connection assigned to the command is in a pending local transaction.  The Transaction property of the command has not been initialized.
Error Source = [Mod:C:\Users\getit\Documents\Projects\AA203 7.0 Tushar\AA203 7.0\AAS203\21CFR\frmLogin.vb]
[Function Name:funcGetExistingUsers]
Error Number = 
Line Number = 
User Comment = 
-----------------------------------------------------

-----------------------------------------------------
Procedure Stack
-----------------------------------------------------

C:\Users\getit\Documents\Projects\AA203 7.0 Tushar\AA203 7.0\AAS203\21CFR\frmLogin.vb
  <Procedure - (0)  :funcGetExistingUsers>
    <Procedure - (1)  :funcInitialize>
      <Procedure - (2)  :frmLogin_Load>
C:\Users\getit\Documents\Projects\AA203 7.0 Tushar\AA203 7.0\AAS203\21CFR\frmFirstTimeInstallation.vb
  <Procedure - (3)  :Button1_Click>
C:\Users\getit\Documents\Projects\AA203 7.0 Tushar\AA203 7.0\AAS203\Modules\modMain.vb
  <Procedure - (4)  :main>
-----------------------------------------------------

-----------------------------------------------------
Additional Information 
-----------------------------------------------------
Current Directory = 
Project Name = AAS
Company Name = AAS
Version Major = 5.1.0.0
Version Minor = 
Revision = 
-----------------------------------------------------
