***************************************************************
Error Occured at : 16:25:02
***************************************************************
Process Name = 
Error Derscription = Cannot read keys when either application does not have a console or when console input has been redirected from a file. Try Console.Read.
Error Message = Cannot read keys when either application does not have a console or when console input has been redirected from a file. Try Console.Read.
Error Source = [Mod:]
[Function Name:]
Error Number = 
Line Number = 
User Comment = 
-----------------------------------------------------

-----------------------------------------------------
Procedure Stack
-----------------------------------------------------

-----------------------------------------------------

-----------------------------------------------------
Additional Information 
-----------------------------------------------------
Current Directory = 
Project Name = AAS
Company Name = AAS
Version Major = 5.1.0.0
Version Minor = 
Revision = 
-----------------------------------------------------
