***************************************************************
Error Occured at : 21:25:12
***************************************************************
Process Name = 
Error Derscription = Object reference not set to an instance of an object.
Error Message = Object reference not set to an instance of an object.
Error Source = [Mod:C:\Users\Administrator\Desktop\AA203_Modified_Hyd\AAS203\Forms\frmMDIMain.vb]
[Function Name:mnuMethod_Click]
Error Number = 
Line Number = 
User Comment = 
-----------------------------------------------------

-----------------------------------------------------
Procedure Stack
-----------------------------------------------------

C:\Users\Administrator\Desktop\AA203_Modified_Hyd\AAS203\Forms\frmMDIMain.vb
  <Procedure - (0)  :mnuMethod_Click>
C:\Users\Administrator\Desktop\AA203_Modified_Hyd\AAS203\Communication\clsRS232Main.vb
  <Procedure - (1)  :subTime_Delay>
C:\Users\Administrator\Desktop\AA203_Modified_Hyd\AAS203\Forms\frmMDIMain.vb
  <Procedure - (2)  :ShutDownApplication>
    <Procedure - (3)  :subExit_Click>
C:\Users\Administrator\Desktop\AA203_Modified_Hyd\AAS203\Modules\modMain.vb
  <Procedure - (4)  :main>
-----------------------------------------------------

-----------------------------------------------------
Additional Information 
-----------------------------------------------------
Current Directory = 
Project Name = AAS
Company Name = AAS
Version Major = 6.1.0.0
Version Minor = 
Revision = 
-----------------------------------------------------
