***************************************************************
Error Occured at : 4:26:40 PM
***************************************************************
Process Name = 
Error Derscription = Unable to set the panel text.
Error Message = Unable to set the panel text.
Error Source = [Mod:C:\Users\sivakoti.reddy\Desktop\AA203\AAS203\Forms\frmCookBook.vb]
[Function Name:ShowProgressBar]
Error Number = 
Line Number = 
User Comment = 
-----------------------------------------------------

-----------------------------------------------------
Procedure Stack
-----------------------------------------------------

C:\Users\sivakoti.reddy\Desktop\AA203\AAS203\Forms\frmCookBook.vb
  <Procedure - (0)  :ShowProgressBar>
    <Procedure - (1)  :SubSetBlank>
C:\Users\sivakoti.reddy\Desktop\AA203\AAS203\Forms\frmLampPlacements.vb
  <Procedure - (2)  :btnInsertLamp_Click>
C:\Users\sivakoti.reddy\Desktop\AA203\AAS203\Forms\frmAASInitialisation.vb
  <Procedure - (3)  :funcInitialization_AAS203>
    <Procedure - (4)  :funcInstrumentInitialization>
C:\Users\sivakoti.reddy\Desktop\AA203\AAS203\Modules\modMain.vb
  <Procedure - (5)  :main>
-----------------------------------------------------

-----------------------------------------------------
Additional Information 
-----------------------------------------------------
Current Directory = 
Project Name = AAS
Company Name = AAS
Version Major = 6.1.0.0
Version Minor = 
Revision = 
-----------------------------------------------------
***************************************************************
Error Occured at : 4:27:04 PM
***************************************************************
Process Name = 
Error Derscription = Cross-thread operation not valid: Control 'lblTurretOptimisationZeroOrder' accessed from a thread other than the thread it was created on.
Error Message = Cross-thread operation not valid: Control 'lblTurretOptimisationZeroOrder' accessed from a thread other than the thread it was created on.
Error Source = [Mod:C:\Users\sivakoti.reddy\Desktop\AA203\AAS203\Classes\clsBgZeroOrder.vb]
[Function Name:funcOptimise_Zero_Order]
Error Number = 
Line Number = 
User Comment = 
-----------------------------------------------------

-----------------------------------------------------
Procedure Stack
-----------------------------------------------------

C:\Users\sivakoti.reddy\Desktop\AA203\AAS203\Classes\clsBgZeroOrder.vb
  <Procedure - (0)  :funcOptimise_Zero_Order>
    <Procedure - (1)  :StartWorkerThread>
-----------------------------------------------------

-----------------------------------------------------
Additional Information 
-----------------------------------------------------
Current Directory = 
Project Name = AAS
Company Name = AAS
Version Major = 6.1.0.0
Version Minor = 
Revision = 
-----------------------------------------------------
