***************************************************************
Error Occured at : 18:39:12
***************************************************************
Process Name = 
Error Derscription = Object reference not set to an instance of an object.
Error Message = Object reference not set to an instance of an object.
Error Source = [Mod:C:\Users\Administrator\Desktop\AA203_Modified_Hyd\AAS203\Forms\frmMDIMain.vb]
[Function Name:ShutDownApplication]
Error Number = 
Line Number = 
User Comment = 
-----------------------------------------------------

-----------------------------------------------------
Procedure Stack
-----------------------------------------------------

C:\Users\Administrator\Desktop\AA203_Modified_Hyd\AAS203\Forms\frmMDIMain.vb
  <Procedure - (0)  :ShutDownApplication>
    <Procedure - (1)  :subExit_Click>
      <Procedure - (2)  :frmMDIMain_Closing>
C:\Users\Administrator\Desktop\AA203_Modified_Hyd\AAS203\Communication\clsRS232Main.vb
  <Procedure - (3)  :subTime_Delay>
    <Procedure - (4)  :gFuncTransmitCommand_Speed>
      <Procedure - (5)  :gFuncTransmitCommand>
C:\Users\Administrator\Desktop\AA203_Modified_Hyd\AAS203\Classes\clsCommProtocolFunctions.vb
  <Procedure - (6)  :FuncTransmitCommand>
    <Procedure - (7)  :funcResetInstrument>
C:\Users\Administrator\Desktop\AA203_Modified_Hyd\AAS203\Forms\frmMDIMain.vb
  <Procedure - (8)  :ShutDownApplication>
    <Procedure - (9)  :subExit_Click>
C:\Users\Administrator\Desktop\AA203_Modified_Hyd\AAS203\Modules\modMain.vb
  <Procedure - (10)  :main>
-----------------------------------------------------

-----------------------------------------------------
Additional Information 
-----------------------------------------------------
Current Directory = 
Project Name = AAS
Company Name = AAS
Version Major = 6.1.0.0
Version Minor = 
Revision = 
-----------------------------------------------------
