***************************************************************
Error Occured at : 15:29:31
***************************************************************
Process Name = 
Error Derscription = Index was out of range. Must be non-negative and less than the size of the collection.
Parameter name: index
Error Message = Index was out of range. Must be non-negative and less than the size of the collection.
Parameter name: index
Error Source = [Mod:C:\Users\Administrator\Desktop\AA203_Modified_Hyd\AAS203\Classes\clsCommProtocolFunctions.vb]
[Function Name:gFuncTurret_Position]
Error Number = 
Line Number = 
User Comment = 
-----------------------------------------------------

-----------------------------------------------------
Procedure Stack
-----------------------------------------------------

C:\Users\Administrator\Desktop\AA203_Modified_Hyd\AAS203\Classes\clsCommProtocolFunctions.vb
  <Procedure - (0)  :gFuncTurret_Position>
    <Procedure - (1)  :gFuncTurret_Home>
C:\Users\Administrator\Desktop\AA203_Modified_Hyd\AAS203\Forms\frmAASInitialisation.vb
  <Procedure - (2)  :funcInitialization_AAS203>
    <Procedure - (3)  :funcInstrumentInitialization>
C:\Users\Administrator\Desktop\AA203_Modified_Hyd\AAS203\Modules\modMain.vb
  <Procedure - (4)  :main>
-----------------------------------------------------

-----------------------------------------------------
Additional Information 
-----------------------------------------------------
Current Directory = 
Project Name = AAS
Company Name = AAS
Version Major = 6.1.0.0
Version Minor = 
Revision = 
-----------------------------------------------------
***************************************************************
Error Occured at : 15:29:52
***************************************************************
Process Name = 
Error Derscription = Index was out of range. Must be non-negative and less than the size of the collection.
Parameter name: index
Error Message = Index was out of range. Must be non-negative and less than the size of the collection.
Parameter name: index
Error Source = [Mod:C:\Users\Administrator\Desktop\AA203_Modified_Hyd\AAS203\Forms\frmAASInitialisation.vb]
[Function Name:funcInitialization_AAS203]
Error Number = 
Line Number = 
User Comment = 
-----------------------------------------------------

-----------------------------------------------------
Procedure Stack
-----------------------------------------------------

C:\Users\Administrator\Desktop\AA203_Modified_Hyd\AAS203\Forms\frmAASInitialisation.vb
  <Procedure - (0)  :funcInitialization_AAS203>
    <Procedure - (1)  :funcInstrumentInitialization>
C:\Users\Administrator\Desktop\AA203_Modified_Hyd\AAS203\Modules\modMain.vb
  <Procedure - (2)  :main>
-----------------------------------------------------

-----------------------------------------------------
Additional Information 
-----------------------------------------------------
Current Directory = 
Project Name = AAS
Company Name = AAS
Version Major = 6.1.0.0
Version Minor = 
Revision = 
-----------------------------------------------------
