***************************************************************
Error Occured at : 11:42:23
***************************************************************
Process Name = 
Error Derscription = Unable to set the panel text.
Error Message = Unable to set the panel text.
Error Source = [Mod:C:\Users\getit\Desktop\AA203_Modified_Hyd\AAS203\Forms\frmCookBook.vb]
[Function Name:ShowProgressBar]
Error Number = 
Line Number = 
User Comment = 
-----------------------------------------------------

-----------------------------------------------------
Procedure Stack
-----------------------------------------------------

C:\Users\getit\Desktop\AA203_Modified_Hyd\AAS203\Forms\frmCookBook.vb
  <Procedure - (0)  :ShowProgressBar>
    <Procedure - (1)  :SubSetBlank>
C:\Users\getit\Desktop\AA203_Modified_Hyd\AAS203\Forms\frmLampPlacements.vb
  <Procedure - (2)  :btnInsertLamp_Click>
C:\Users\getit\Desktop\AA203_Modified_Hyd\AAS203\Forms\frmInstrumentParameters.vb
  <Procedure - (3)  :btnReplaceLamp_Click>
C:\Users\getit\Desktop\AA203_Modified_Hyd\AAS203\Forms\frmMethod.vb
  <Procedure - (4)  :tlbbtnInstrumentParameters_Click>
C:\Users\getit\Desktop\AA203_Modified_Hyd\AAS203\Modules\modMain.vb
  <Procedure - (5)  :main>
-----------------------------------------------------

-----------------------------------------------------
Additional Information 
-----------------------------------------------------
Current Directory = 
Project Name = AAS
Company Name = AAS
Version Major = 6.1.0.0
Version Minor = 
Revision = 
-----------------------------------------------------
