***************************************************************
Error Occured at : 19:56:01
***************************************************************
Process Name = 
Error Derscription = Object reference not set to an instance of an object.
Error Message = Object reference not set to an instance of an object.
Error Source = [Mod:C:\Users\Administrator\Desktop\AA203_Modified_Hyd\AAS203\Forms\frmMDIMain.vb]
[Function Name:ShutDownApplication]
Error Number = 
Line Number = 
User Comment = 
-----------------------------------------------------

-----------------------------------------------------
Procedure Stack
-----------------------------------------------------

C:\Users\Administrator\Desktop\AA203_Modified_Hyd\AAS203\Forms\frmMDIMain.vb
  <Procedure - (0)  :ShutDownApplication>
    <Procedure - (1)  :subExit_Click>
      <Procedure - (2)  :frmMDIMain_Closing>
C:\Users\Administrator\Desktop\AA203_Modified_Hyd\AAS203\Communication\clsRS232Main.vb
  <Procedure - (3)  :subTime_Delay>
C:\Users\Administrator\Desktop\AA203_Modified_Hyd\AAS203\Forms\frmMDIMain.vb
  <Procedure - (4)  :ShutDownApplication>
    <Procedure - (5)  :subExit_Click>
      <Procedure - (6)  :frmMDIMain_Closing>
C:\Users\Administrator\Desktop\AA203_Modified_Hyd\AAS203\Modules\modMain.vb
  <Procedure - (7)  :main>
-----------------------------------------------------

-----------------------------------------------------
Additional Information 
-----------------------------------------------------
Current Directory = 
Project Name = AAS
Company Name = AAS
Version Major = 6.1.0.0
Version Minor = 
Revision = 
-----------------------------------------------------
***************************************************************
Error Occured at : 19:56:09
***************************************************************
Process Name = 
Error Derscription = Object reference not set to an instance of an object.
Error Message = Object reference not set to an instance of an object.
Error Source = [Mod:C:\Users\Administrator\Desktop\AA203_Modified_Hyd\AAS203\Forms\frmMDIMain.vb]
[Function Name:ShutDownApplication]
Error Number = 
Line Number = 
User Comment = 
-----------------------------------------------------

-----------------------------------------------------
Procedure Stack
-----------------------------------------------------

C:\Users\Administrator\Desktop\AA203_Modified_Hyd\AAS203\Forms\frmMDIMain.vb
  <Procedure - (0)  :ShutDownApplication>
    <Procedure - (1)  :subExit_Click>
      <Procedure - (2)  :frmMDIMain_Closing>
C:\Users\Administrator\Desktop\AA203_Modified_Hyd\AAS203\Communication\clsRS232Main.vb
  <Procedure - (3)  :gFuncResumeProcess>
C:\Users\Administrator\Desktop\AA203_Modified_Hyd\AAS203\Classes\clsCommProtocolFunctions.vb
  <Procedure - (4)  :funcAll_Lamp_Off>
C:\Users\Administrator\Desktop\AA203_Modified_Hyd\AAS203\Forms\frmMDIMain.vb
  <Procedure - (5)  :ShutDownApplication>
    <Procedure - (6)  :subExit_Click>
      <Procedure - (7)  :frmMDIMain_Closing>
C:\Users\Administrator\Desktop\AA203_Modified_Hyd\AAS203\Modules\modMain.vb
  <Procedure - (8)  :main>
-----------------------------------------------------

-----------------------------------------------------
Additional Information 
-----------------------------------------------------
Current Directory = 
Project Name = AAS
Company Name = AAS
Version Major = 6.1.0.0
Version Minor = 
Revision = 
-----------------------------------------------------
***************************************************************
Error Occured at : 19:56:12
***************************************************************
Process Name = 
Error Derscription = Object reference not set to an instance of an object.
Error Message = Object reference not set to an instance of an object.
Error Source = [Mod:C:\Users\Administrator\Desktop\AA203_Modified_Hyd\AAS203\Forms\frmMDIMain.vb]
[Function Name:ShutDownApplication]
Error Number = 
Line Number = 
User Comment = 
-----------------------------------------------------

-----------------------------------------------------
Procedure Stack
-----------------------------------------------------

C:\Users\Administrator\Desktop\AA203_Modified_Hyd\AAS203\Forms\frmMDIMain.vb
  <Procedure - (0)  :ShutDownApplication>
    <Procedure - (1)  :subExit_Click>
      <Procedure - (2)  :frmMDIMain_Closing>
C:\Users\Administrator\Desktop\AA203_Modified_Hyd\AAS203\Communication\clsRS232Main.vb
  <Procedure - (3)  :gFuncResumeProcess>
C:\Users\Administrator\Desktop\AA203_Modified_Hyd\AAS203\Classes\clsCommProtocolFunctions.vb
  <Procedure - (4)  :funcAll_Lamp_Off>
C:\Users\Administrator\Desktop\AA203_Modified_Hyd\AAS203\Forms\frmMDIMain.vb
  <Procedure - (5)  :ShutDownApplication>
    <Procedure - (6)  :subExit_Click>
      <Procedure - (7)  :frmMDIMain_Closing>
C:\Users\Administrator\Desktop\AA203_Modified_Hyd\AAS203\Modules\modMain.vb
  <Procedure - (8)  :main>
-----------------------------------------------------

-----------------------------------------------------
Additional Information 
-----------------------------------------------------
Current Directory = 
Project Name = AAS
Company Name = AAS
Version Major = 6.1.0.0
Version Minor = 
Revision = 
-----------------------------------------------------
