***************************************************************
Error Occured at : 15:28:29
***************************************************************
Process Name = 
Error Derscription = The type initializer for 'CrystalDecisions.CrystalReports.Engine.ReportDocument' threw an exception.
Error Message = The type initializer for 'CrystalDecisions.CrystalReports.Engine.ReportDocument' threw an exception.
Error Source = [Mod:]
[Function Name:]
Error Number = 
Line Number = 
User Comment = 
-----------------------------------------------------

-----------------------------------------------------
Procedure Stack
-----------------------------------------------------

-----------------------------------------------------

-----------------------------------------------------
Additional Information 
-----------------------------------------------------
Current Directory = 
Project Name = AAS
Company Name = AAS
Version Major = 5.1.0.0
Version Minor = 
Revision = 
-----------------------------------------------------
***************************************************************
Error Occured at : 15:28:41
***************************************************************
Process Name = 
Error Derscription = The type initializer for 'CrystalDecisions.CrystalReports.Engine.ReportDocument' threw an exception.
Error Message = The type initializer for 'CrystalDecisions.CrystalReports.Engine.ReportDocument' threw an exception.
Error Source = [Mod:]
[Function Name:]
Error Number = 
Line Number = 
User Comment = 
-----------------------------------------------------

-----------------------------------------------------
Procedure Stack
-----------------------------------------------------

-----------------------------------------------------

-----------------------------------------------------
Additional Information 
-----------------------------------------------------
Current Directory = 
Project Name = AAS
Company Name = AAS
Version Major = 5.1.0.0
Version Minor = 
Revision = 
-----------------------------------------------------
