***************************************************************
Error Occured at : 12:06:11 PM
***************************************************************
Process Name = 
Error Derscription = Could not load file or assembly 'file:///D:\AA203 7.0\AA203 7.0\AAS203\bin\ActiveReports.Interop.Dll' or one of its dependencies. The system cannot find the file specified.
Error Message = Could not load file or assembly 'file:///D:\AA203 7.0\AA203 7.0\AAS203\bin\ActiveReports.Interop.Dll' or one of its dependencies. The system cannot find the file specified.
Error Source = [Mod:D:\AA203 7.0\AA203 7.0\AAS203\Reporting\clsPrintDocument.vb]
[Function Name:subSetActiveReportProperties]
Error Number = 
Line Number = 
User Comment = 
-----------------------------------------------------

-----------------------------------------------------
Procedure Stack
-----------------------------------------------------

D:\AA203 7.0\AA203 7.0\AAS203\Reporting\clsPrintDocument.vb
  <Procedure - (0)  :subSetActiveReportProperties>
    <Procedure - (1)  :PrintPreview>
D:\AA203 7.0\AA203 7.0\AAS203\Forms\frmCookBook.vb
  <Procedure - (2)  :funcCookBookPrint>
    <Procedure - (3)  :SubGetElement>
D:\AA203 7.0\AA203 7.0\AAS203\Forms\frmMDIMain.vb
  <Procedure - (4)  :mnuCookBook_Click>
D:\AA203 7.0\AA203 7.0\AAS203\Modules\modMain.vb
  <Procedure - (5)  :main>
-----------------------------------------------------

-----------------------------------------------------
Additional Information 
-----------------------------------------------------
Current Directory = 
Project Name = AAS
Company Name = AAS
Version Major = 5.1.0.0
Version Minor = 
Revision = 
-----------------------------------------------------
***************************************************************
Error Occured at : 12:06:11 PM
***************************************************************
Process Name = 
Error Derscription = Object reference not set to an instance of an object.
Error Message = Object reference not set to an instance of an object.
Error Source = [Mod:D:\AA203 7.0\AA203 7.0\AAS203\Reporting\clsPrintDocument.vb]
[Function Name:subGetToolBarButtonClick]
Error Number = 
Line Number = 
User Comment = 
-----------------------------------------------------

-----------------------------------------------------
Procedure Stack
-----------------------------------------------------

D:\AA203 7.0\AA203 7.0\AAS203\Reporting\clsPrintDocument.vb
  <Procedure - (0)  :subGetToolBarButtonClick>
    <Procedure - (1)  :PrintPreview>
D:\AA203 7.0\AA203 7.0\AAS203\Forms\frmCookBook.vb
  <Procedure - (2)  :funcCookBookPrint>
    <Procedure - (3)  :SubGetElement>
D:\AA203 7.0\AA203 7.0\AAS203\Forms\frmMDIMain.vb
  <Procedure - (4)  :mnuCookBook_Click>
D:\AA203 7.0\AA203 7.0\AAS203\Modules\modMain.vb
  <Procedure - (5)  :main>
-----------------------------------------------------

-----------------------------------------------------
Additional Information 
-----------------------------------------------------
Current Directory = 
Project Name = AAS
Company Name = AAS
Version Major = 5.1.0.0
Version Minor = 
Revision = 
-----------------------------------------------------
***************************************************************
Error Occured at : 12:06:12 PM
***************************************************************
Process Name = 
Error Derscription = Object reference not set to an instance of an object.
Error Message = Object reference not set to an instance of an object.
Error Source = [Mod:D:\AA203 7.0\AA203 7.0\AAS203\Reporting\clsPrintDocument.vb]
[Function Name:OnQueryPageSettings]
Error Number = 
Line Number = 
User Comment = 
-----------------------------------------------------

-----------------------------------------------------
Procedure Stack
-----------------------------------------------------

D:\AA203 7.0\AA203 7.0\AAS203\Reporting\clsPrintDocument.vb
  <Procedure - (0)  :OnQueryPageSettings>
D:\AA203 7.0\AA203 7.0\AAS203\Forms\frmCookBook.vb
  <Procedure - (1)  :ShowProgressBar>
    <Procedure - (2)  :SubSetBlank>
D:\AA203 7.0\AA203 7.0\AAS203\Reporting\clsPrintDocument.vb
  <Procedure - (3)  :PrintPreview>
D:\AA203 7.0\AA203 7.0\AAS203\Forms\frmCookBook.vb
  <Procedure - (4)  :funcCookBookPrint>
    <Procedure - (5)  :SubGetElement>
D:\AA203 7.0\AA203 7.0\AAS203\Forms\frmMDIMain.vb
  <Procedure - (6)  :mnuCookBook_Click>
D:\AA203 7.0\AA203 7.0\AAS203\Modules\modMain.vb
  <Procedure - (7)  :main>
-----------------------------------------------------

-----------------------------------------------------
Additional Information 
-----------------------------------------------------
Current Directory = 
Project Name = AAS
Company Name = AAS
Version Major = 5.1.0.0
Version Minor = 
Revision = 
-----------------------------------------------------
***************************************************************
Error Occured at : 12:06:12 PM
***************************************************************
Process Name = 
Error Derscription = Object reference not set to an instance of an object.
Error Message = Object reference not set to an instance of an object.
Error Source = [Mod:D:\AA203 7.0\AA203 7.0\AAS203\Reporting\clsPrintDocument.vb]
[Function Name:funcDrawPageFooter]
Error Number = 
Line Number = 
User Comment = 
-----------------------------------------------------

-----------------------------------------------------
Procedure Stack
-----------------------------------------------------

D:\AA203 7.0\AA203 7.0\AAS203\Reporting\clsPrintDocument.vb
  <Procedure - (0)  :funcDrawPageFooter>
    <Procedure - (1)  :OnPrintPage>
D:\AA203 7.0\AA203 7.0\AAS203\Forms\frmCookBook.vb
  <Procedure - (2)  :ShowProgressBar>
    <Procedure - (3)  :SubSetBlank>
D:\AA203 7.0\AA203 7.0\AAS203\Reporting\clsPrintDocument.vb
  <Procedure - (4)  :PrintPreview>
D:\AA203 7.0\AA203 7.0\AAS203\Forms\frmCookBook.vb
  <Procedure - (5)  :funcCookBookPrint>
    <Procedure - (6)  :SubGetElement>
D:\AA203 7.0\AA203 7.0\AAS203\Forms\frmMDIMain.vb
  <Procedure - (7)  :mnuCookBook_Click>
D:\AA203 7.0\AA203 7.0\AAS203\Modules\modMain.vb
  <Procedure - (8)  :main>
-----------------------------------------------------

-----------------------------------------------------
Additional Information 
-----------------------------------------------------
Current Directory = 
Project Name = AAS
Company Name = AAS
Version Major = 5.1.0.0
Version Minor = 
Revision = 
-----------------------------------------------------
***************************************************************
Error Occured at : 12:06:12 PM
***************************************************************
Process Name = 
Error Derscription = Object reference not set to an instance of an object.
Error Message = Object reference not set to an instance of an object.
Error Source = [Mod:D:\AA203 7.0\AA203 7.0\AAS203\Reporting\clsPrintDocument.vb]
[Function Name:OnQueryPageSettings]
Error Number = 
Line Number = 
User Comment = 
-----------------------------------------------------

-----------------------------------------------------
Procedure Stack
-----------------------------------------------------

D:\AA203 7.0\AA203 7.0\AAS203\Reporting\clsPrintDocument.vb
  <Procedure - (0)  :OnQueryPageSettings>
D:\AA203 7.0\AA203 7.0\AAS203\Forms\frmCookBook.vb
  <Procedure - (1)  :ShowProgressBar>
    <Procedure - (2)  :SubSetBlank>
D:\AA203 7.0\AA203 7.0\AAS203\Reporting\clsPrintDocument.vb
  <Procedure - (3)  :PrintPreview>
D:\AA203 7.0\AA203 7.0\AAS203\Forms\frmCookBook.vb
  <Procedure - (4)  :funcCookBookPrint>
    <Procedure - (5)  :SubGetElement>
D:\AA203 7.0\AA203 7.0\AAS203\Forms\frmMDIMain.vb
  <Procedure - (6)  :mnuCookBook_Click>
D:\AA203 7.0\AA203 7.0\AAS203\Modules\modMain.vb
  <Procedure - (7)  :main>
-----------------------------------------------------

-----------------------------------------------------
Additional Information 
-----------------------------------------------------
Current Directory = 
Project Name = AAS
Company Name = AAS
Version Major = 5.1.0.0
Version Minor = 
Revision = 
-----------------------------------------------------
***************************************************************
Error Occured at : 12:06:12 PM
***************************************************************
Process Name = 
Error Derscription = Object reference not set to an instance of an object.
Error Message = Object reference not set to an instance of an object.
Error Source = [Mod:D:\AA203 7.0\AA203 7.0\AAS203\Reporting\clsPrintDocument.vb]
[Function Name:funcDrawPageFooter]
Error Number = 
Line Number = 
User Comment = 
-----------------------------------------------------

-----------------------------------------------------
Procedure Stack
-----------------------------------------------------

D:\AA203 7.0\AA203 7.0\AAS203\Reporting\clsPrintDocument.vb
  <Procedure - (0)  :funcDrawPageFooter>
    <Procedure - (1)  :OnPrintPage>
D:\AA203 7.0\AA203 7.0\AAS203\Forms\frmCookBook.vb
  <Procedure - (2)  :ShowProgressBar>
    <Procedure - (3)  :SubSetBlank>
D:\AA203 7.0\AA203 7.0\AAS203\Reporting\clsPrintDocument.vb
  <Procedure - (4)  :PrintPreview>
D:\AA203 7.0\AA203 7.0\AAS203\Forms\frmCookBook.vb
  <Procedure - (5)  :funcCookBookPrint>
    <Procedure - (6)  :SubGetElement>
D:\AA203 7.0\AA203 7.0\AAS203\Forms\frmMDIMain.vb
  <Procedure - (7)  :mnuCookBook_Click>
D:\AA203 7.0\AA203 7.0\AAS203\Modules\modMain.vb
  <Procedure - (8)  :main>
-----------------------------------------------------

-----------------------------------------------------
Additional Information 
-----------------------------------------------------
Current Directory = 
Project Name = AAS
Company Name = AAS
Version Major = 5.1.0.0
Version Minor = 
Revision = 
-----------------------------------------------------
