***************************************************************
Error Occured at : 11:48:40 AM
***************************************************************
Process Name = 
Error Derscription = Could not load file or assembly 'ActiveReports.Viewer, Version=4.2.1.1238, Culture=neutral, PublicKeyToken=cc4967777c49a3ff' or one of its dependencies. The located assembly's manifest definition does not match the assembly reference. (Exception from HRESULT: 0x80131040)
Error Message = Could not load file or assembly 'ActiveReports.Viewer, Version=4.2.1.1238, Culture=neutral, PublicKeyToken=cc4967777c49a3ff' or one of its dependencies. The located assembly's manifest definition does not match the assembly reference. (Exception from HRESULT: 0x80131040)
Error Source = [Mod:D:\AA203 7.0\AA203 7.0\AAS203\Reporting\clsPrintDocument.vb]
[Function Name:PrintPreview]
Error Number = 
Line Number = 
User Comment = 
-----------------------------------------------------

-----------------------------------------------------
Procedure Stack
-----------------------------------------------------

D:\AA203 7.0\AA203 7.0\AAS203\Reporting\clsPrintDocument.vb
  <Procedure - (0)  :PrintPreview>
D:\AA203 7.0\AA203 7.0\AAS203\Forms\frmCookBook.vb
  <Procedure - (1)  :funcCookBookPrint>
    <Procedure - (2)  :SubGetElement>
D:\AA203 7.0\AA203 7.0\AAS203\Forms\frmMDIMain.vb
  <Procedure - (3)  :mnuCookBook_Click>
D:\AA203 7.0\AA203 7.0\AAS203\Modules\modMain.vb
  <Procedure - (4)  :main>
-----------------------------------------------------

-----------------------------------------------------
Additional Information 
-----------------------------------------------------
Current Directory = 
Project Name = AAS
Company Name = AAS
Version Major = 5.1.0.0
Version Minor = 
Revision = 
-----------------------------------------------------
***************************************************************
Error Occured at : 11:49:38 AM
***************************************************************
Process Name = 
Error Derscription = Could not load file or assembly 'ActiveReports.Viewer, Version=4.2.1.1238, Culture=neutral, PublicKeyToken=cc4967777c49a3ff' or one of its dependencies. The located assembly's manifest definition does not match the assembly reference. (Exception from HRESULT: 0x80131040)
Error Message = Could not load file or assembly 'ActiveReports.Viewer, Version=4.2.1.1238, Culture=neutral, PublicKeyToken=cc4967777c49a3ff' or one of its dependencies. The located assembly's manifest definition does not match the assembly reference. (Exception from HRESULT: 0x80131040)
Error Source = [Mod:D:\AA203 7.0\AA203 7.0\AAS203\Reporting\clsPrintDocument.vb]
[Function Name:PrintPreview]
Error Number = 
Line Number = 
User Comment = 
-----------------------------------------------------

-----------------------------------------------------
Procedure Stack
-----------------------------------------------------

D:\AA203 7.0\AA203 7.0\AAS203\Reporting\clsPrintDocument.vb
  <Procedure - (0)  :PrintPreview>
D:\AA203 7.0\AA203 7.0\AAS203\Forms\frmCookBook.vb
  <Procedure - (1)  :funcCookBookPrint>
    <Procedure - (2)  :SubGetElement>
D:\AA203 7.0\AA203 7.0\AAS203\Forms\frmMDIMain.vb
  <Procedure - (3)  :mnuCookBook_Click>
D:\AA203 7.0\AA203 7.0\AAS203\Modules\modMain.vb
  <Procedure - (4)  :main>
-----------------------------------------------------

-----------------------------------------------------
Additional Information 
-----------------------------------------------------
Current Directory = 
Project Name = AAS
Company Name = AAS
Version Major = 5.1.0.0
Version Minor = 
Revision = 
-----------------------------------------------------
***************************************************************
Error Occured at : 11:50:35 AM
***************************************************************
Process Name = 
Error Derscription = Could not load file or assembly 'ActiveReports.Viewer, Version=4.2.1.1238, Culture=neutral, PublicKeyToken=cc4967777c49a3ff' or one of its dependencies. The located assembly's manifest definition does not match the assembly reference. (Exception from HRESULT: 0x80131040)
Error Message = Could not load file or assembly 'ActiveReports.Viewer, Version=4.2.1.1238, Culture=neutral, PublicKeyToken=cc4967777c49a3ff' or one of its dependencies. The located assembly's manifest definition does not match the assembly reference. (Exception from HRESULT: 0x80131040)
Error Source = [Mod:D:\AA203 7.0\AA203 7.0\AAS203\Reporting\clsPrintDocument.vb]
[Function Name:PrintPreview]
Error Number = 
Line Number = 
User Comment = 
-----------------------------------------------------

-----------------------------------------------------
Procedure Stack
-----------------------------------------------------

D:\AA203 7.0\AA203 7.0\AAS203\Reporting\clsPrintDocument.vb
  <Procedure - (0)  :PrintPreview>
D:\AA203 7.0\AA203 7.0\AAS203\Forms\frmCookBook.vb
  <Procedure - (1)  :funcCookBookPrint>
    <Procedure - (2)  :SubGetElement>
D:\AA203 7.0\AA203 7.0\AAS203\Forms\frmMDIMain.vb
  <Procedure - (3)  :mnuCookBook_Click>
D:\AA203 7.0\AA203 7.0\AAS203\Modules\modMain.vb
  <Procedure - (4)  :main>
-----------------------------------------------------

-----------------------------------------------------
Additional Information 
-----------------------------------------------------
Current Directory = 
Project Name = AAS
Company Name = AAS
Version Major = 5.1.0.0
Version Minor = 
Revision = 
-----------------------------------------------------
***************************************************************
Error Occured at : 11:50:40 AM
***************************************************************
Process Name = 
Error Derscription = Could not load file or assembly 'ActiveReports.Viewer, Version=4.2.1.1238, Culture=neutral, PublicKeyToken=cc4967777c49a3ff' or one of its dependencies. The located assembly's manifest definition does not match the assembly reference. (Exception from HRESULT: 0x80131040)
Error Message = Could not load file or assembly 'ActiveReports.Viewer, Version=4.2.1.1238, Culture=neutral, PublicKeyToken=cc4967777c49a3ff' or one of its dependencies. The located assembly's manifest definition does not match the assembly reference. (Exception from HRESULT: 0x80131040)
Error Source = [Mod:D:\AA203 7.0\AA203 7.0\AAS203\Reporting\clsPrintDocument.vb]
[Function Name:PrintPreview]
Error Number = 
Line Number = 
User Comment = 
-----------------------------------------------------

-----------------------------------------------------
Procedure Stack
-----------------------------------------------------

D:\AA203 7.0\AA203 7.0\AAS203\Reporting\clsPrintDocument.vb
  <Procedure - (0)  :PrintPreview>
D:\AA203 7.0\AA203 7.0\AAS203\Forms\frmCookBook.vb
  <Procedure - (1)  :funcCookBookPrint>
    <Procedure - (2)  :SubGetElement>
D:\AA203 7.0\AA203 7.0\AAS203\Forms\frmMDIMain.vb
  <Procedure - (3)  :mnuCookBook_Click>
D:\AA203 7.0\AA203 7.0\AAS203\Modules\modMain.vb
  <Procedure - (4)  :main>
-----------------------------------------------------

-----------------------------------------------------
Additional Information 
-----------------------------------------------------
Current Directory = 
Project Name = AAS
Company Name = AAS
Version Major = 5.1.0.0
Version Minor = 
Revision = 
-----------------------------------------------------
***************************************************************
Error Occured at : 11:51:19 AM
***************************************************************
Process Name = 
Error Derscription = Could not load file or assembly 'ActiveReports.Viewer, Version=4.2.1.1238, Culture=neutral, PublicKeyToken=cc4967777c49a3ff' or one of its dependencies. The located assembly's manifest definition does not match the assembly reference. (Exception from HRESULT: 0x80131040)
Error Message = Could not load file or assembly 'ActiveReports.Viewer, Version=4.2.1.1238, Culture=neutral, PublicKeyToken=cc4967777c49a3ff' or one of its dependencies. The located assembly's manifest definition does not match the assembly reference. (Exception from HRESULT: 0x80131040)
Error Source = [Mod:D:\AA203 7.0\AA203 7.0\AAS203\Reporting\clsPrintDocument.vb]
[Function Name:PrintPreview]
Error Number = 
Line Number = 
User Comment = 
-----------------------------------------------------

-----------------------------------------------------
Procedure Stack
-----------------------------------------------------

D:\AA203 7.0\AA203 7.0\AAS203\Reporting\clsPrintDocument.vb
  <Procedure - (0)  :PrintPreview>
D:\AA203 7.0\AA203 7.0\AAS203\Forms\frmCookBook.vb
  <Procedure - (1)  :funcCookBookPrint>
    <Procedure - (2)  :SubGetElement>
D:\AA203 7.0\AA203 7.0\AAS203\Forms\frmMDIMain.vb
  <Procedure - (3)  :mnuCookBook_Click>
D:\AA203 7.0\AA203 7.0\AAS203\Modules\modMain.vb
  <Procedure - (4)  :main>
-----------------------------------------------------

-----------------------------------------------------
Additional Information 
-----------------------------------------------------
Current Directory = 
Project Name = AAS
Company Name = AAS
Version Major = 5.1.0.0
Version Minor = 
Revision = 
-----------------------------------------------------
***************************************************************
Error Occured at : 11:51:58 AM
***************************************************************
Process Name = 
Error Derscription = Could not load file or assembly 'ActiveReports.Viewer, Version=4.2.1.1238, Culture=neutral, PublicKeyToken=cc4967777c49a3ff' or one of its dependencies. The located assembly's manifest definition does not match the assembly reference. (Exception from HRESULT: 0x80131040)
Error Message = Could not load file or assembly 'ActiveReports.Viewer, Version=4.2.1.1238, Culture=neutral, PublicKeyToken=cc4967777c49a3ff' or one of its dependencies. The located assembly's manifest definition does not match the assembly reference. (Exception from HRESULT: 0x80131040)
Error Source = [Mod:D:\AA203 7.0\AA203 7.0\AAS203\Forms\frmCookBook.vb]
[Function Name:ShowProgressBar]
Error Number = 
Line Number = 
User Comment = 
-----------------------------------------------------

-----------------------------------------------------
Procedure Stack
-----------------------------------------------------

D:\AA203 7.0\AA203 7.0\AAS203\Forms\frmCookBook.vb
  <Procedure - (0)  :ShowProgressBar>
    <Procedure - (1)  :SubSetBlank>
D:\AA203 7.0\AA203 7.0\AAS203\Reporting\clsPrintDocument.vb
  <Procedure - (2)  :PrintPreview>
D:\AA203 7.0\AA203 7.0\AAS203\Forms\frmCookBook.vb
  <Procedure - (3)  :funcCookBookPrint>
    <Procedure - (4)  :SubGetElement>
D:\AA203 7.0\AA203 7.0\AAS203\Forms\frmMDIMain.vb
  <Procedure - (5)  :mnuCookBook_Click>
D:\AA203 7.0\AA203 7.0\AAS203\Modules\modMain.vb
  <Procedure - (6)  :main>
-----------------------------------------------------

-----------------------------------------------------
Additional Information 
-----------------------------------------------------
Current Directory = 
Project Name = AAS
Company Name = AAS
Version Major = 5.1.0.0
Version Minor = 
Revision = 
-----------------------------------------------------
